<?xml version="1.0" encoding="UTF-8"?>
<!-- Generated by org.testng.reporters.JUnitReportReporter -->
<testsuite hostname="LAPTOP-2Q90IM80" failures="0" tests="1" name="BlackJack.SuitTypeTest" time="0.001" errors="0" timestamp="2021-09-17T11:37:19 BST" skipped="0">
  <testcase classname="BlackJack.SuitTypeTest" name="testSuitType" time="0.001"/>
  <system-out/>
</testsuite> <!-- BlackJack.SuitTypeTest -->
